[2023-12-08T00:33:41.492] [INFO] cheese - Using logging function
[2023-12-08T13:00:16.259] [INFO] cheese - Using register function
[2023-12-08T13:01:34.933] [INFO] cheese - Using logging function
[2023-12-12T22:11:43.365] [INFO] cheese - Using logging function for Manan.Patel@iiitb.ac.in.
[2023-12-12T22:11:43.461] [INFO] cheese - User logged in successfully for + Manan.Patel@iiitb.ac.in.
[2023-12-12T22:11:43.474] [INFO] cheese - Using logging function for nonexistentuser@example.com.
[2023-12-12T22:11:43.476] [ERROR] cheese - User does not exist.
[2023-12-12T22:11:43.481] [INFO] cheese - Using logging function for Manan.Patel@iiitb.ac.in.
[2023-12-12T22:11:43.558] [ERROR] cheese - Invalid credentials.
[2023-12-12T22:11:43.563] [INFO] cheese - Using logging function for Manan.Patel@iiitb.ac.in.
[2023-12-12T22:11:43.638] [INFO] cheese - User logged in successfully for + Manan.Patel@iiitb.ac.in.
[2023-12-12T22:11:43.654] [INFO] cheese - Using logging function for Manan.Patel@iiitb.ac.in.
[2023-12-12T22:11:43.744] [INFO] cheese - User logged in successfully for + Manan.Patel@iiitb.ac.in.
[2023-12-12T22:11:43.758] [INFO] cheese - Using logging function for Manan.Patel@iiitb.ac.in.
[2023-12-12T22:11:43.839] [INFO] cheese - User logged in successfully for + Manan.Patel@iiitb.ac.in.
[2023-12-12T22:12:09.073] [INFO] cheese - Using logging function for Manan.Patel@iiitb.ac.in.
[2023-12-12T22:12:09.167] [INFO] cheese - User logged in successfully for + Manan.Patel@iiitb.ac.in.
[2023-12-12T22:12:09.180] [INFO] cheese - Using logging function for nonexistentuser@example.com.
[2023-12-12T22:12:09.183] [ERROR] cheese - User does not exist.
[2023-12-12T22:12:09.188] [INFO] cheese - Using logging function for Manan.Patel@iiitb.ac.in.
[2023-12-12T22:12:09.268] [ERROR] cheese - Invalid credentials.
[2023-12-12T22:12:09.276] [INFO] cheese - Using logging function for Manan.Patel@iiitb.ac.in.
[2023-12-12T22:12:09.355] [INFO] cheese - User logged in successfully for + Manan.Patel@iiitb.ac.in.
[2023-12-12T22:12:09.373] [INFO] cheese - Using logging function for Manan.Patel@iiitb.ac.in.
[2023-12-12T22:12:09.449] [INFO] cheese - User logged in successfully for + Manan.Patel@iiitb.ac.in.
[2023-12-12T22:12:09.458] [INFO] cheese - Using logging function for Manan.Patel@iiitb.ac.in.
[2023-12-12T22:12:09.538] [INFO] cheese - User logged in successfully for + Manan.Patel@iiitb.ac.in.
[2023-12-12T22:13:02.171] [INFO] cheese - Using logging function for Manan.Patel@iiitb.ac.in.
[2023-12-12T22:13:02.252] [INFO] cheese - User logged in successfully for + Manan.Patel@iiitb.ac.in.
[2023-12-12T22:13:02.263] [INFO] cheese - Using logging function for nonexistentuser@example.com.
[2023-12-12T22:13:02.266] [ERROR] cheese - User does not exist.
[2023-12-12T22:13:02.270] [INFO] cheese - Using logging function for Manan.Patel@iiitb.ac.in.
[2023-12-12T22:13:02.343] [ERROR] cheese - Invalid credentials.
[2023-12-12T22:13:02.348] [INFO] cheese - Using logging function for Manan.Patel@iiitb.ac.in.
[2023-12-12T22:13:02.420] [INFO] cheese - User logged in successfully for + Manan.Patel@iiitb.ac.in.
[2023-12-12T22:13:02.433] [INFO] cheese - Using logging function for Manan.Patel@iiitb.ac.in.
[2023-12-12T22:13:02.515] [INFO] cheese - User logged in successfully for + Manan.Patel@iiitb.ac.in.
[2023-12-12T22:13:02.534] [INFO] cheese - Using logging function for Manan.Patel@iiitb.ac.in.
[2023-12-12T22:13:02.608] [INFO] cheese - User logged in successfully for + Manan.Patel@iiitb.ac.in.
[2023-12-12T22:13:28.428] [INFO] cheese - Using logging function for Manan.Patel@iiitb.ac.in.
[2023-12-12T22:13:28.513] [INFO] cheese - User logged in successfully for + Manan.Patel@iiitb.ac.in.
[2023-12-12T22:13:28.524] [INFO] cheese - Using logging function for nonexistentuser@example.com.
[2023-12-12T22:13:28.527] [ERROR] cheese - User does not exist.
[2023-12-12T22:13:28.533] [INFO] cheese - Using logging function for Manan.Patel@iiitb.ac.in.
[2023-12-12T22:13:28.614] [ERROR] cheese - Invalid credentials.
[2023-12-12T22:13:28.619] [INFO] cheese - Using logging function for Manan.Patel@iiitb.ac.in.
[2023-12-12T22:13:28.695] [INFO] cheese - User logged in successfully for + Manan.Patel@iiitb.ac.in.
[2023-12-12T22:13:28.707] [INFO] cheese - Using logging function for Manan.Patel@iiitb.ac.in.
[2023-12-12T22:13:28.782] [INFO] cheese - User logged in successfully for + Manan.Patel@iiitb.ac.in.
[2023-12-12T22:13:28.796] [INFO] cheese - Using logging function for Manan.Patel@iiitb.ac.in.
[2023-12-12T22:13:28.875] [INFO] cheese - User logged in successfully for + Manan.Patel@iiitb.ac.in.
[2023-12-12T22:13:54.804] [INFO] cheese - Using logging function for Manan.Patel@iiitb.ac.in.
[2023-12-12T22:13:54.884] [INFO] cheese - User logged in successfully for + Manan.Patel@iiitb.ac.in.
[2023-12-12T22:13:54.896] [INFO] cheese - Using logging function for nonexistentuser@example.com.
[2023-12-12T22:13:54.899] [ERROR] cheese - User does not exist.
[2023-12-12T22:13:54.903] [INFO] cheese - Using logging function for Manan.Patel@iiitb.ac.in.
[2023-12-12T22:13:54.973] [ERROR] cheese - Invalid credentials.
[2023-12-12T22:13:54.977] [INFO] cheese - Using logging function for Manan.Patel@iiitb.ac.in.
[2023-12-12T22:13:55.049] [INFO] cheese - User logged in successfully for + Manan.Patel@iiitb.ac.in.
[2023-12-12T22:13:55.061] [INFO] cheese - Using logging function for Manan.Patel@iiitb.ac.in.
[2023-12-12T22:13:55.136] [INFO] cheese - User logged in successfully for + Manan.Patel@iiitb.ac.in.
[2023-12-12T22:13:55.150] [INFO] cheese - Using logging function for Manan.Patel@iiitb.ac.in.
[2023-12-12T22:13:55.226] [INFO] cheese - User logged in successfully for + Manan.Patel@iiitb.ac.in.
[2023-12-12T22:14:18.972] [INFO] cheese - Using logging function for Manan.Patel@iiitb.ac.in.
[2023-12-12T22:14:19.055] [INFO] cheese - User logged in successfully for + Manan.Patel@iiitb.ac.in.
[2023-12-12T22:14:19.069] [INFO] cheese - Using logging function for nonexistentuser@example.com.
[2023-12-12T22:14:19.072] [ERROR] cheese - User does not exist.
[2023-12-12T22:14:19.076] [INFO] cheese - Using logging function for Manan.Patel@iiitb.ac.in.
[2023-12-12T22:14:19.151] [ERROR] cheese - Invalid credentials.
[2023-12-12T22:14:19.155] [INFO] cheese - Using logging function for Manan.Patel@iiitb.ac.in.
[2023-12-12T22:14:19.226] [INFO] cheese - User logged in successfully for + Manan.Patel@iiitb.ac.in.
[2023-12-12T22:14:19.237] [INFO] cheese - Using logging function for Manan.Patel@iiitb.ac.in.
[2023-12-12T22:14:19.311] [INFO] cheese - User logged in successfully for + Manan.Patel@iiitb.ac.in.
[2023-12-12T22:14:19.325] [INFO] cheese - Using logging function for Manan.Patel@iiitb.ac.in.
[2023-12-12T22:14:19.406] [INFO] cheese - User logged in successfully for + Manan.Patel@iiitb.ac.in.
[2023-12-12T22:15:45.361] [INFO] cheese - Using logging function for Manan.Patel@iiitb.ac.in.
[2023-12-12T22:15:45.453] [INFO] cheese - User logged in successfully for + Manan.Patel@iiitb.ac.in.
[2023-12-12T22:15:45.465] [INFO] cheese - Using logging function for nonexistentuser@example.com.
[2023-12-12T22:15:45.469] [ERROR] cheese - User does not exist.
[2023-12-12T22:15:45.474] [INFO] cheese - Using logging function for Manan.Patel@iiitb.ac.in.
[2023-12-12T22:15:45.548] [ERROR] cheese - Invalid credentials.
[2023-12-12T22:15:45.553] [INFO] cheese - Using logging function for Manan.Patel@iiitb.ac.in.
[2023-12-12T22:15:45.629] [INFO] cheese - User logged in successfully for + Manan.Patel@iiitb.ac.in.
[2023-12-12T22:15:45.644] [INFO] cheese - Using logging function for Manan.Patel@iiitb.ac.in.
[2023-12-12T22:15:45.723] [INFO] cheese - User logged in successfully for + Manan.Patel@iiitb.ac.in.
[2023-12-12T22:15:45.745] [INFO] cheese - Using logging function for Manan.Patel@iiitb.ac.in.
[2023-12-12T22:15:45.823] [INFO] cheese - User logged in successfully for + Manan.Patel@iiitb.ac.in.
[2023-12-12T22:15:58.762] [INFO] cheese - Using logging function for Manan.Patel@iiitb.ac.in.
[2023-12-12T22:15:58.856] [INFO] cheese - User logged in successfully for + Manan.Patel@iiitb.ac.in.
[2023-12-12T22:15:58.869] [INFO] cheese - Using logging function for nonexistentuser@example.com.
[2023-12-12T22:15:58.871] [ERROR] cheese - User does not exist.
[2023-12-12T22:15:58.876] [INFO] cheese - Using logging function for Manan.Patel@iiitb.ac.in.
[2023-12-12T22:15:58.955] [ERROR] cheese - Invalid credentials.
[2023-12-12T22:15:58.959] [INFO] cheese - Using logging function for Manan.Patel@iiitb.ac.in.
[2023-12-12T22:15:59.037] [INFO] cheese - User logged in successfully for + Manan.Patel@iiitb.ac.in.
[2023-12-12T22:15:59.048] [INFO] cheese - Using logging function for Manan.Patel@iiitb.ac.in.
[2023-12-12T22:15:59.125] [INFO] cheese - User logged in successfully for + Manan.Patel@iiitb.ac.in.
[2023-12-12T22:15:59.141] [INFO] cheese - Using logging function for Manan.Patel@iiitb.ac.in.
[2023-12-12T22:15:59.216] [INFO] cheese - User logged in successfully for + Manan.Patel@iiitb.ac.in.
[2023-12-12T22:16:39.237] [INFO] cheese - Using logging function for Manan.Patel@iiitb.ac.in.
[2023-12-12T22:16:39.328] [INFO] cheese - User logged in successfully for + Manan.Patel@iiitb.ac.in.
[2023-12-12T22:16:39.349] [INFO] cheese - Using logging function for nonexistentuser@example.com.
[2023-12-12T22:16:39.353] [ERROR] cheese - User does not exist.
[2023-12-12T22:16:39.366] [INFO] cheese - Using logging function for Manan.Patel@iiitb.ac.in.
[2023-12-12T22:16:39.436] [ERROR] cheese - Invalid credentials.
[2023-12-12T22:16:39.441] [INFO] cheese - Using logging function for Manan.Patel@iiitb.ac.in.
[2023-12-12T22:16:39.510] [INFO] cheese - User logged in successfully for + Manan.Patel@iiitb.ac.in.
[2023-12-12T22:16:39.521] [INFO] cheese - Using logging function for Manan.Patel@iiitb.ac.in.
[2023-12-12T22:16:39.593] [INFO] cheese - User logged in successfully for + Manan.Patel@iiitb.ac.in.
[2023-12-12T22:16:39.606] [INFO] cheese - Using logging function for Manan.Patel@iiitb.ac.in.
[2023-12-12T22:16:39.676] [INFO] cheese - User logged in successfully for + Manan.Patel@iiitb.ac.in.
[2023-12-12T22:16:52.663] [INFO] cheese - Using logging function for Manan.Patel@iiitb.ac.in.
[2023-12-12T22:16:52.746] [INFO] cheese - User logged in successfully for + Manan.Patel@iiitb.ac.in.
[2023-12-12T22:16:52.758] [INFO] cheese - Using logging function for nonexistentuser@example.com.
[2023-12-12T22:16:52.760] [ERROR] cheese - User does not exist.
[2023-12-12T22:16:52.765] [INFO] cheese - Using logging function for Manan.Patel@iiitb.ac.in.
[2023-12-12T22:16:52.837] [ERROR] cheese - Invalid credentials.
[2023-12-12T22:16:52.842] [INFO] cheese - Using logging function for Manan.Patel@iiitb.ac.in.
[2023-12-12T22:16:52.918] [INFO] cheese - User logged in successfully for + Manan.Patel@iiitb.ac.in.
[2023-12-12T22:16:52.935] [INFO] cheese - Using logging function for Manan.Patel@iiitb.ac.in.
[2023-12-12T22:16:53.006] [INFO] cheese - User logged in successfully for + Manan.Patel@iiitb.ac.in.
[2023-12-12T22:16:53.013] [INFO] cheese - Using logging function for Manan.Patel@iiitb.ac.in.
[2023-12-12T22:16:53.085] [INFO] cheese - User logged in successfully for + Manan.Patel@iiitb.ac.in.
[2023-12-12T22:19:54.223] [INFO] cheese - Using logging function for Manan.Patel@iiitb.ac.in.
[2023-12-12T22:19:56.218] [INFO] cheese - Using logging function for nonexistentuser@example.com.
[2023-12-12T22:20:10.447] [INFO] cheese - Using logging function for Manan.Patel@iiitb.ac.in.
[2023-12-12T22:20:12.443] [INFO] cheese - Using logging function for nonexistentuser@example.com.
[2023-12-12T22:21:41.128] [INFO] cheese - Using logging function for Manan.Patel@iiitb.ac.in.
[2023-12-12T22:21:41.208] [INFO] cheese - User logged in successfully for + Manan.Patel@iiitb.ac.in.
[2023-12-12T22:21:41.222] [INFO] cheese - Using logging function for nonexistentuser@example.com.
[2023-12-12T22:21:41.225] [ERROR] cheese - User does not exist.
[2023-12-12T22:21:41.230] [INFO] cheese - Using logging function for Manan.Patel@iiitb.ac.in.
[2023-12-12T22:21:41.300] [ERROR] cheese - Invalid credentials.
[2023-12-12T22:21:41.305] [INFO] cheese - Using logging function for Manan.Patel@iiitb.ac.in.
[2023-12-12T22:21:41.376] [INFO] cheese - User logged in successfully for + Manan.Patel@iiitb.ac.in.
[2023-12-12T22:21:41.386] [INFO] cheese - Using logging function for Manan.Patel@iiitb.ac.in.
[2023-12-12T22:21:41.459] [INFO] cheese - User logged in successfully for + Manan.Patel@iiitb.ac.in.
[2023-12-12T22:21:41.467] [INFO] cheese - Using logging function for Manan.Patel@iiitb.ac.in.
[2023-12-12T22:21:41.544] [INFO] cheese - User logged in successfully for + Manan.Patel@iiitb.ac.in.
[2023-12-12T22:21:54.857] [INFO] cheese - Using logging function for Manan.Patel@iiitb.ac.in.
[2023-12-12T22:21:54.947] [INFO] cheese - User logged in successfully for + Manan.Patel@iiitb.ac.in.
[2023-12-12T22:21:54.962] [INFO] cheese - Using logging function for nonexistentuser@example.com.
[2023-12-12T22:21:54.965] [ERROR] cheese - User does not exist.
[2023-12-12T22:21:54.971] [INFO] cheese - Using logging function for Manan.Patel@iiitb.ac.in.
[2023-12-12T22:21:55.061] [ERROR] cheese - Invalid credentials.
[2023-12-12T22:21:55.069] [INFO] cheese - Using logging function for Manan.Patel@iiitb.ac.in.
[2023-12-12T22:21:55.158] [INFO] cheese - User logged in successfully for + Manan.Patel@iiitb.ac.in.
[2023-12-12T22:21:55.176] [INFO] cheese - Using logging function for Manan.Patel@iiitb.ac.in.
[2023-12-12T22:21:55.270] [INFO] cheese - User logged in successfully for + Manan.Patel@iiitb.ac.in.
[2023-12-12T22:21:55.283] [INFO] cheese - Using logging function for Manan.Patel@iiitb.ac.in.
[2023-12-12T22:21:55.377] [INFO] cheese - User logged in successfully for + Manan.Patel@iiitb.ac.in.
[2023-12-12T22:22:03.074] [INFO] cheese - Using logging function for Manan.Patel@iiitb.ac.in.
[2023-12-12T22:22:03.156] [INFO] cheese - User logged in successfully for + Manan.Patel@iiitb.ac.in.
[2023-12-12T22:22:03.168] [INFO] cheese - Using logging function for nonexistentuser@example.com.
[2023-12-12T22:22:03.170] [ERROR] cheese - User does not exist.
[2023-12-12T22:22:03.176] [INFO] cheese - Using logging function for Manan.Patel@iiitb.ac.in.
[2023-12-12T22:22:03.252] [ERROR] cheese - Invalid credentials.
[2023-12-12T22:22:03.256] [INFO] cheese - Using logging function for Manan.Patel@iiitb.ac.in.
[2023-12-12T22:22:03.331] [INFO] cheese - User logged in successfully for + Manan.Patel@iiitb.ac.in.
[2023-12-12T22:22:03.344] [INFO] cheese - Using logging function for Manan.Patel@iiitb.ac.in.
[2023-12-12T22:22:03.423] [INFO] cheese - User logged in successfully for + Manan.Patel@iiitb.ac.in.
[2023-12-12T22:22:03.437] [INFO] cheese - Using logging function for Manan.Patel@iiitb.ac.in.
[2023-12-12T22:22:03.512] [INFO] cheese - User logged in successfully for + Manan.Patel@iiitb.ac.in.
[2023-12-12T22:22:13.722] [INFO] cheese - Using logging function for Manan.Patel@iiitb.ac.in.
[2023-12-12T22:22:13.805] [INFO] cheese - User logged in successfully for + Manan.Patel@iiitb.ac.in.
[2023-12-12T22:22:13.816] [INFO] cheese - Using logging function for nonexistentuser@example.com.
[2023-12-12T22:22:13.818] [ERROR] cheese - User does not exist.
[2023-12-12T22:22:13.822] [INFO] cheese - Using logging function for Manan.Patel@iiitb.ac.in.
[2023-12-12T22:22:13.900] [ERROR] cheese - Invalid credentials.
[2023-12-12T22:22:13.905] [INFO] cheese - Using logging function for Manan.Patel@iiitb.ac.in.
[2023-12-12T22:22:13.980] [INFO] cheese - User logged in successfully for + Manan.Patel@iiitb.ac.in.
[2023-12-12T22:22:13.994] [INFO] cheese - Using logging function for Manan.Patel@iiitb.ac.in.
[2023-12-12T22:22:14.073] [INFO] cheese - User logged in successfully for + Manan.Patel@iiitb.ac.in.
[2023-12-12T22:22:14.082] [INFO] cheese - Using logging function for Manan.Patel@iiitb.ac.in.
[2023-12-12T22:22:14.159] [INFO] cheese - User logged in successfully for + Manan.Patel@iiitb.ac.in.
[2023-12-12T22:23:55.816] [INFO] cheese - Using logging function for Manan.Patel@iiitb.ac.in.
[2023-12-12T22:23:55.908] [INFO] cheese - User logged in successfully for + Manan.Patel@iiitb.ac.in.
[2023-12-12T22:23:55.922] [INFO] cheese - Using logging function for nonexistentuser@example.com.
[2023-12-12T22:23:55.924] [ERROR] cheese - User does not exist.
[2023-12-12T22:23:55.930] [INFO] cheese - Using logging function for Manan.Patel@iiitb.ac.in.
[2023-12-12T22:23:56.004] [ERROR] cheese - Invalid credentials.
[2023-12-12T22:23:56.009] [INFO] cheese - Using logging function for Manan.Patel@iiitb.ac.in.
[2023-12-12T22:23:56.083] [INFO] cheese - User logged in successfully for + Manan.Patel@iiitb.ac.in.
[2023-12-12T22:23:56.099] [INFO] cheese - Using logging function for Manan.Patel@iiitb.ac.in.
[2023-12-12T22:23:56.187] [INFO] cheese - User logged in successfully for + Manan.Patel@iiitb.ac.in.
[2023-12-12T22:23:56.198] [INFO] cheese - Using logging function for Manan.Patel@iiitb.ac.in.
[2023-12-12T22:23:56.276] [INFO] cheese - User logged in successfully for + Manan.Patel@iiitb.ac.in.
[2023-12-12T22:24:02.515] [INFO] cheese - Using logging function for Manan.Patel@iiitb.ac.in.
[2023-12-12T22:24:02.607] [INFO] cheese - User logged in successfully for + Manan.Patel@iiitb.ac.in.
[2023-12-12T22:24:02.620] [INFO] cheese - Using logging function for nonexistentuser@example.com.
[2023-12-12T22:24:02.622] [ERROR] cheese - User does not exist.
[2023-12-12T22:24:02.626] [INFO] cheese - Using logging function for Manan.Patel@iiitb.ac.in.
[2023-12-12T22:24:02.705] [ERROR] cheese - Invalid credentials.
[2023-12-12T22:24:02.715] [INFO] cheese - Using logging function for Manan.Patel@iiitb.ac.in.
[2023-12-12T22:24:02.794] [INFO] cheese - User logged in successfully for + Manan.Patel@iiitb.ac.in.
[2023-12-12T22:24:02.804] [INFO] cheese - Using logging function for Manan.Patel@iiitb.ac.in.
[2023-12-12T22:24:02.878] [INFO] cheese - User logged in successfully for + Manan.Patel@iiitb.ac.in.
[2023-12-12T22:24:02.886] [INFO] cheese - Using logging function for Manan.Patel@iiitb.ac.in.
[2023-12-12T22:24:02.968] [INFO] cheese - User logged in successfully for + Manan.Patel@iiitb.ac.in.
[2023-12-12T22:24:46.111] [INFO] cheese - Using logging function for Manan.Patel@iiitb.ac.in.
[2023-12-12T22:24:46.219] [INFO] cheese - User logged in successfully for + Manan.Patel@iiitb.ac.in.
[2023-12-12T22:24:46.231] [INFO] cheese - Using logging function for nonexistentuser@example.com.
[2023-12-12T22:24:46.233] [ERROR] cheese - User does not exist.
[2023-12-12T22:24:46.237] [INFO] cheese - Using logging function for Manan.Patel@iiitb.ac.in.
[2023-12-12T22:24:46.315] [ERROR] cheese - Invalid credentials.
[2023-12-12T22:24:46.322] [INFO] cheese - Using logging function for Manan.Patel@iiitb.ac.in.
[2023-12-12T22:24:46.399] [INFO] cheese - User logged in successfully for + Manan.Patel@iiitb.ac.in.
[2023-12-12T22:24:46.412] [INFO] cheese - Using logging function for Manan.Patel@iiitb.ac.in.
[2023-12-12T22:24:46.488] [INFO] cheese - User logged in successfully for + Manan.Patel@iiitb.ac.in.
[2023-12-12T22:24:46.496] [INFO] cheese - Using logging function for Manan.Patel@iiitb.ac.in.
[2023-12-12T22:24:46.571] [INFO] cheese - User logged in successfully for + Manan.Patel@iiitb.ac.in.
[2023-12-12T22:24:56.836] [INFO] cheese - Using logging function for Manan.Patel@iiitb.ac.in.
[2023-12-12T22:24:56.916] [INFO] cheese - User logged in successfully for + Manan.Patel@iiitb.ac.in.
[2023-12-12T22:24:56.933] [INFO] cheese - Using logging function for nonexistentuser@example.com.
[2023-12-12T22:24:56.936] [ERROR] cheese - User does not exist.
[2023-12-12T22:24:56.941] [INFO] cheese - Using logging function for Manan.Patel@iiitb.ac.in.
[2023-12-12T22:24:57.016] [ERROR] cheese - Invalid credentials.
[2023-12-12T22:24:57.022] [INFO] cheese - Using logging function for Manan.Patel@iiitb.ac.in.
[2023-12-12T22:24:57.096] [INFO] cheese - User logged in successfully for + Manan.Patel@iiitb.ac.in.
[2023-12-12T22:24:57.112] [INFO] cheese - Using logging function for Manan.Patel@iiitb.ac.in.
[2023-12-12T22:24:57.194] [INFO] cheese - User logged in successfully for + Manan.Patel@iiitb.ac.in.
[2023-12-12T22:24:57.205] [INFO] cheese - Using logging function for Manan.Patel@iiitb.ac.in.
[2023-12-12T22:24:57.284] [INFO] cheese - User logged in successfully for + Manan.Patel@iiitb.ac.in.
[2023-12-12T22:25:05.054] [INFO] cheese - Using logging function for Manan.Patel@iiitb.ac.in.
[2023-12-12T22:25:05.138] [INFO] cheese - User logged in successfully for + Manan.Patel@iiitb.ac.in.
[2023-12-12T22:25:05.149] [INFO] cheese - Using logging function for nonexistentuser@example.com.
[2023-12-12T22:25:05.151] [ERROR] cheese - User does not exist.
[2023-12-12T22:25:05.156] [INFO] cheese - Using logging function for Manan.Patel@iiitb.ac.in.
[2023-12-12T22:25:05.237] [ERROR] cheese - Invalid credentials.
[2023-12-12T22:25:05.241] [INFO] cheese - Using logging function for Manan.Patel@iiitb.ac.in.
[2023-12-12T22:25:05.318] [INFO] cheese - User logged in successfully for + Manan.Patel@iiitb.ac.in.
[2023-12-12T22:25:05.332] [INFO] cheese - Using logging function for Manan.Patel@iiitb.ac.in.
[2023-12-12T22:25:05.411] [INFO] cheese - User logged in successfully for + Manan.Patel@iiitb.ac.in.
[2023-12-12T22:25:05.421] [INFO] cheese - Using logging function for Manan.Patel@iiitb.ac.in.
[2023-12-12T22:25:05.496] [INFO] cheese - User logged in successfully for + Manan.Patel@iiitb.ac.in.
[2023-12-12T22:26:21.582] [INFO] cheese - Using logging function for Manan.Patel@iiitb.ac.in.
[2023-12-12T22:26:21.668] [INFO] cheese - User logged in successfully for + Manan.Patel@iiitb.ac.in.
[2023-12-12T22:26:21.683] [INFO] cheese - Using logging function for nonexistentuser@example.com.
[2023-12-12T22:26:21.686] [ERROR] cheese - User does not exist.
[2023-12-12T22:26:21.691] [INFO] cheese - Using logging function for Manan.Patel@iiitb.ac.in.
[2023-12-12T22:26:21.766] [ERROR] cheese - Invalid credentials.
[2023-12-12T22:26:21.771] [INFO] cheese - Using logging function for Manan.Patel@iiitb.ac.in.
[2023-12-12T22:26:21.844] [INFO] cheese - User logged in successfully for + Manan.Patel@iiitb.ac.in.
[2023-12-12T22:26:21.856] [INFO] cheese - Using logging function for Manan.Patel@iiitb.ac.in.
[2023-12-12T22:26:21.931] [INFO] cheese - User logged in successfully for + Manan.Patel@iiitb.ac.in.
[2023-12-12T22:26:21.940] [INFO] cheese - Using logging function for Manan.Patel@iiitb.ac.in.
[2023-12-12T22:26:22.015] [INFO] cheese - User logged in successfully for + Manan.Patel@iiitb.ac.in.
[2023-12-12T22:27:31.674] [INFO] cheese - Using logging function for Manan.Patel@iiitb.ac.in.
[2023-12-12T22:27:31.753] [INFO] cheese - User logged in successfully for + Manan.Patel@iiitb.ac.in.
[2023-12-12T22:27:31.765] [INFO] cheese - Using logging function for nonexistentuser@example.com.
[2023-12-12T22:27:31.767] [ERROR] cheese - User does not exist.
[2023-12-12T22:27:31.772] [INFO] cheese - Using logging function for Manan.Patel@iiitb.ac.in.
[2023-12-12T22:27:31.848] [ERROR] cheese - Invalid credentials.
[2023-12-12T22:27:31.853] [INFO] cheese - Using logging function for Manan.Patel@iiitb.ac.in.
[2023-12-12T22:27:31.925] [INFO] cheese - User logged in successfully for + Manan.Patel@iiitb.ac.in.
[2023-12-12T22:27:31.938] [INFO] cheese - Using logging function for Manan.Patel@iiitb.ac.in.
[2023-12-12T22:27:32.013] [INFO] cheese - User logged in successfully for + Manan.Patel@iiitb.ac.in.
[2023-12-12T22:27:32.021] [INFO] cheese - Using logging function for Manan.Patel@iiitb.ac.in.
[2023-12-12T22:27:32.097] [INFO] cheese - User logged in successfully for + Manan.Patel@iiitb.ac.in.
[2023-12-12T22:27:54.829] [INFO] cheese - Using logging function for Manan.Patel@iiitb.ac.in.
[2023-12-12T22:27:54.920] [INFO] cheese - User logged in successfully for + Manan.Patel@iiitb.ac.in.
[2023-12-12T22:27:54.933] [INFO] cheese - Using logging function for nonexistentuser@example.com.
[2023-12-12T22:27:54.935] [ERROR] cheese - User does not exist.
[2023-12-12T22:27:54.939] [INFO] cheese - Using logging function for Manan.Patel@iiitb.ac.in.
[2023-12-12T22:27:55.015] [ERROR] cheese - Invalid credentials.
[2023-12-12T22:27:55.020] [INFO] cheese - Using logging function for Manan.Patel@iiitb.ac.in.
[2023-12-12T22:27:55.096] [INFO] cheese - User logged in successfully for + Manan.Patel@iiitb.ac.in.
[2023-12-12T22:27:55.109] [INFO] cheese - Using logging function for Manan.Patel@iiitb.ac.in.
[2023-12-12T22:27:55.185] [INFO] cheese - User logged in successfully for + Manan.Patel@iiitb.ac.in.
[2023-12-12T22:27:55.195] [INFO] cheese - Using logging function for Manan.Patel@iiitb.ac.in.
[2023-12-12T22:27:55.275] [INFO] cheese - User logged in successfully for + Manan.Patel@iiitb.ac.in.
[2023-12-12T22:28:23.922] [INFO] cheese - Using logging function for Manan.Patel@iiitb.ac.in.
[2023-12-12T22:28:24.007] [INFO] cheese - User logged in successfully for + Manan.Patel@iiitb.ac.in.
[2023-12-12T22:28:24.019] [INFO] cheese - Using logging function for nonexistentuser@example.com.
[2023-12-12T22:28:24.021] [ERROR] cheese - User does not exist.
[2023-12-12T22:28:24.025] [INFO] cheese - Using logging function for Manan.Patel@iiitb.ac.in.
[2023-12-12T22:28:24.104] [ERROR] cheese - Invalid credentials.
[2023-12-12T22:28:24.113] [INFO] cheese - Using logging function for Manan.Patel@iiitb.ac.in.
[2023-12-12T22:28:24.206] [INFO] cheese - User logged in successfully for + Manan.Patel@iiitb.ac.in.
[2023-12-12T22:28:24.226] [INFO] cheese - Using logging function for Manan.Patel@iiitb.ac.in.
[2023-12-12T22:28:24.305] [INFO] cheese - User logged in successfully for + Manan.Patel@iiitb.ac.in.
[2023-12-12T22:28:24.317] [INFO] cheese - Using logging function for Manan.Patel@iiitb.ac.in.
[2023-12-12T22:28:24.435] [INFO] cheese - User logged in successfully for + Manan.Patel@iiitb.ac.in.
[2023-12-12T22:28:35.921] [INFO] cheese - Using logging function for Manan.Patel@iiitb.ac.in.
[2023-12-12T22:28:36.015] [INFO] cheese - User logged in successfully for + Manan.Patel@iiitb.ac.in.
[2023-12-12T22:28:36.028] [INFO] cheese - Using logging function for nonexistentuser@example.com.
[2023-12-12T22:28:36.031] [ERROR] cheese - User does not exist.
[2023-12-12T22:28:36.035] [INFO] cheese - Using logging function for Manan.Patel@iiitb.ac.in.
[2023-12-12T22:28:36.109] [ERROR] cheese - Invalid credentials.
[2023-12-12T22:28:36.113] [INFO] cheese - Using logging function for Manan.Patel@iiitb.ac.in.
[2023-12-12T22:28:36.187] [INFO] cheese - User logged in successfully for + Manan.Patel@iiitb.ac.in.
[2023-12-12T22:28:36.199] [INFO] cheese - Using logging function for Manan.Patel@iiitb.ac.in.
[2023-12-12T22:28:36.274] [INFO] cheese - User logged in successfully for + Manan.Patel@iiitb.ac.in.
[2023-12-12T22:28:36.283] [INFO] cheese - Using logging function for Manan.Patel@iiitb.ac.in.
[2023-12-12T22:28:36.359] [INFO] cheese - User logged in successfully for + Manan.Patel@iiitb.ac.in.
[2023-12-12T22:40:46.626] [INFO] cheese - Using logging function for Manan.Patel@iiitb.ac.in.
[2023-12-12T22:40:46.707] [INFO] cheese - User logged in successfully for + Manan.Patel@iiitb.ac.in.
[2023-12-12T22:40:46.723] [INFO] cheese - Using logging function for nonexistentuser@example.com.
[2023-12-12T22:40:46.726] [ERROR] cheese - User does not exist.
[2023-12-12T22:40:46.733] [INFO] cheese - Using logging function for Manan.Patel@iiitb.ac.in.
[2023-12-12T22:40:46.807] [ERROR] cheese - Invalid credentials.
[2023-12-12T22:40:46.813] [INFO] cheese - Using logging function for Manan.Patel@iiitb.ac.in.
[2023-12-12T22:40:46.884] [INFO] cheese - User logged in successfully for + Manan.Patel@iiitb.ac.in.
[2023-12-12T22:40:46.896] [INFO] cheese - Using logging function for Manan.Patel@iiitb.ac.in.
[2023-12-12T22:40:46.967] [INFO] cheese - User logged in successfully for + Manan.Patel@iiitb.ac.in.
[2023-12-12T22:40:46.973] [INFO] cheese - Using logging function for Manan.Patel@iiitb.ac.in.
[2023-12-12T22:40:47.045] [INFO] cheese - User logged in successfully for + Manan.Patel@iiitb.ac.in.
[2023-12-12T22:41:01.756] [INFO] cheese - Using logging function for Manan.Patel@iiitb.ac.in.
[2023-12-12T22:41:01.841] [INFO] cheese - User logged in successfully for + Manan.Patel@iiitb.ac.in.
[2023-12-12T22:41:01.859] [INFO] cheese - Using logging function for nonexistentuser@example.com.
[2023-12-12T22:41:01.862] [ERROR] cheese - User does not exist.
[2023-12-12T22:41:01.867] [INFO] cheese - Using logging function for Manan.Patel@iiitb.ac.in.
[2023-12-12T22:41:01.937] [ERROR] cheese - Invalid credentials.
[2023-12-12T22:41:01.942] [INFO] cheese - Using logging function for Manan.Patel@iiitb.ac.in.
[2023-12-12T22:41:02.012] [INFO] cheese - User logged in successfully for + Manan.Patel@iiitb.ac.in.
[2023-12-12T22:41:02.025] [INFO] cheese - Using logging function for Manan.Patel@iiitb.ac.in.
[2023-12-12T22:41:02.094] [INFO] cheese - User logged in successfully for + Manan.Patel@iiitb.ac.in.
[2023-12-12T22:41:02.100] [INFO] cheese - Using logging function for Manan.Patel@iiitb.ac.in.
[2023-12-12T22:41:02.175] [INFO] cheese - User logged in successfully for + Manan.Patel@iiitb.ac.in.
[2023-12-12T22:41:44.885] [INFO] cheese - Using logging function for Manan.Patel@iiitb.ac.in.
[2023-12-12T22:41:44.963] [INFO] cheese - User logged in successfully for + Manan.Patel@iiitb.ac.in.
[2023-12-12T22:41:44.981] [INFO] cheese - Using logging function for nonexistentuser@example.com.
[2023-12-12T22:41:44.984] [ERROR] cheese - User does not exist.
[2023-12-12T22:41:44.990] [INFO] cheese - Using logging function for Manan.Patel@iiitb.ac.in.
[2023-12-12T22:41:45.061] [ERROR] cheese - Invalid credentials.
[2023-12-12T22:41:45.065] [INFO] cheese - Using logging function for Manan.Patel@iiitb.ac.in.
[2023-12-12T22:41:45.133] [INFO] cheese - User logged in successfully for + Manan.Patel@iiitb.ac.in.
[2023-12-12T22:41:45.143] [INFO] cheese - Using logging function for Manan.Patel@iiitb.ac.in.
[2023-12-12T22:41:45.215] [INFO] cheese - User logged in successfully for + Manan.Patel@iiitb.ac.in.
[2023-12-12T22:41:45.223] [INFO] cheese - Using logging function for Manan.Patel@iiitb.ac.in.
[2023-12-12T22:41:45.304] [INFO] cheese - User logged in successfully for + Manan.Patel@iiitb.ac.in.
[2023-12-12T23:40:02.139] [INFO] cheese - Using logging function for Manan.Patel@iiitb.ac.in.
[2023-12-12T23:41:04.466] [INFO] cheese - Using logging function for Manan.Patel@iiitb.ac.in.
[2023-12-12T23:41:04.481] [ERROR] cheese - User does not exist.
[2023-12-12T23:42:22.260] [INFO] cheese - Using logging function for Manan.Patel@iiitb.ac.in.
[2023-12-12T23:42:22.270] [ERROR] cheese - User does not exist.
[2023-12-12T23:42:31.702] [INFO] cheese - Using logging function for Manan.Patel@iiitb.ac.in.
[2023-12-12T23:42:46.438] [INFO] cheese - Using logging function for Manan.Patel@iiitb.ac.in.
[2023-12-12T23:42:46.446] [ERROR] cheese - User does not exist.
[2023-12-12T23:44:12.059] [INFO] cheese - Using logging function for Manan.Patel@iiitb.ac.in.
[2023-12-12T23:44:12.075] [ERROR] cheese - User does not exist.
[2023-12-12T23:48:03.444] [INFO] cheese - Using logging function for Manan.Patel@iiitb.ac.in.
[2023-12-12T23:48:03.464] [ERROR] cheese - User does not exist.
[2023-12-12T23:51:14.759] [INFO] cheese - Using logging function for Manan.Patel@iiitb.ac.in.
[2023-12-12T23:51:14.775] [ERROR] cheese - User does not exist.
[2023-12-12T23:51:48.964] [INFO] cheese - Using logging function for Manan.Patel@iiitb.ac.in.
[2023-12-12T23:51:48.981] [ERROR] cheese - User does not exist.
[2023-12-13T00:04:12.942] [INFO] cheese - Using logging function for Manan.Patel@iiitb.ac.in.
[2023-12-13T00:04:12.970] [ERROR] cheese - User does not exist.
[2023-12-13T00:06:08.600] [INFO] cheese - Using register function for manan patel with email Manan.Patel@iiitb.ac.in.
[2023-12-13T00:06:08.627] [INFO] cheese - Using logging function for Manan.Patel@iiitb.ac.in.
[2023-12-13T00:06:08.697] [INFO] cheese - User logged in successfully for + Manan.Patel@iiitb.ac.in.
[2023-12-13T00:06:08.701] [INFO] cheese - Using logging function for nonexistentuser@example.com.
[2023-12-13T00:06:08.703] [ERROR] cheese - User does not exist.
[2023-12-13T00:06:08.707] [INFO] cheese - Using logging function for Manan.Patel@iiitb.ac.in.
[2023-12-13T00:06:08.769] [ERROR] cheese - Invalid credentials.
[2023-12-13T00:06:08.773] [INFO] cheese - Using logging function for Manan.Patel@iiitb.ac.in.
[2023-12-13T00:06:08.835] [INFO] cheese - User logged in successfully for + Manan.Patel@iiitb.ac.in.
[2023-12-13T00:06:08.847] [INFO] cheese - Using logging function for Manan.Patel@iiitb.ac.in.
[2023-12-13T00:06:08.910] [INFO] cheese - User logged in successfully for + Manan.Patel@iiitb.ac.in.
[2023-12-13T00:06:08.915] [INFO] cheese - Using logging function for Manan.Patel@iiitb.ac.in.
[2023-12-13T00:06:08.984] [INFO] cheese - User logged in successfully for + Manan.Patel@iiitb.ac.in.
[2023-12-13T00:21:20.918] [INFO] cheese - Using logging function for Manan.Patel@iiitb.ac.in.
[2023-12-13T00:21:49.370] [INFO] cheese - Using logging function for Manan.Patel@iiitb.ac.in.
[2023-12-13T00:21:49.453] [INFO] cheese - User logged in successfully for + Manan.Patel@iiitb.ac.in.
[2023-12-13T00:21:49.464] [INFO] cheese - Using logging function for nonexistentuser@example.com.
[2023-12-13T00:21:49.467] [ERROR] cheese - User does not exist.
[2023-12-13T00:21:49.472] [INFO] cheese - Using logging function for Manan.Patel@iiitb.ac.in.
[2023-12-13T00:21:49.538] [ERROR] cheese - Invalid credentials.
[2023-12-13T00:21:49.544] [INFO] cheese - Using logging function for Manan.Patel@iiitb.ac.in.
[2023-12-13T00:21:49.610] [INFO] cheese - User logged in successfully for + Manan.Patel@iiitb.ac.in.
[2023-12-13T00:21:49.631] [INFO] cheese - Using logging function for Manan.Patel@iiitb.ac.in.
[2023-12-13T00:21:49.694] [INFO] cheese - User logged in successfully for + Manan.Patel@iiitb.ac.in.
[2023-12-13T00:21:49.703] [INFO] cheese - Using logging function for Manan.Patel@iiitb.ac.in.
[2023-12-13T00:21:49.767] [INFO] cheese - User logged in successfully for + Manan.Patel@iiitb.ac.in.
[2023-12-13T08:47:08.899] [INFO] cheese - Using logging function for Manan.Patel@iiitb.ac.in.
[2023-12-13T08:47:08.984] [INFO] cheese - User logged in successfully for + Manan.Patel@iiitb.ac.in.
[2023-12-13T08:47:08.996] [INFO] cheese - Using logging function for nonexistentuser@example.com.
[2023-12-13T08:47:08.998] [ERROR] cheese - User does not exist.
[2023-12-13T08:47:09.003] [INFO] cheese - Using logging function for Manan.Patel@iiitb.ac.in.
[2023-12-13T08:47:09.086] [ERROR] cheese - Invalid credentials.
[2023-12-13T08:47:09.092] [INFO] cheese - Using logging function for Manan.Patel@iiitb.ac.in.
[2023-12-13T08:47:09.167] [INFO] cheese - User logged in successfully for + Manan.Patel@iiitb.ac.in.
[2023-12-13T08:47:09.183] [INFO] cheese - Using logging function for Manan.Patel@iiitb.ac.in.
[2023-12-13T08:47:09.253] [INFO] cheese - User logged in successfully for + Manan.Patel@iiitb.ac.in.
[2023-12-13T08:47:09.260] [INFO] cheese - Using logging function for Manan.Patel@iiitb.ac.in.
[2023-12-13T08:47:09.328] [INFO] cheese - User logged in successfully for + Manan.Patel@iiitb.ac.in.
[2023-12-13T08:47:09.335] [INFO] cheese - Using logging function for Manan.Patel@iiitb.ac.in.
[2023-12-13T08:47:09.402] [INFO] cheese - User logged in successfully for + Manan.Patel@iiitb.ac.in.
[2023-12-13T08:47:09.411] [INFO] cheese - Using logging function for Manan.Patel@iiitb.ac.in.
[2023-12-13T08:47:09.483] [INFO] cheese - User logged in successfully for + Manan.Patel@iiitb.ac.in.
[2023-12-13T08:47:33.145] [INFO] cheese - Using logging function for Manan.Patel@iiitb.ac.in.
[2023-12-13T08:47:33.231] [INFO] cheese - User logged in successfully for + Manan.Patel@iiitb.ac.in.
[2023-12-13T08:47:33.242] [INFO] cheese - Using logging function for nonexistentuser@example.com.
[2023-12-13T08:47:33.244] [ERROR] cheese - User does not exist.
[2023-12-13T08:47:33.248] [INFO] cheese - Using logging function for Manan.Patel@iiitb.ac.in.
[2023-12-13T08:47:33.319] [ERROR] cheese - Invalid credentials.
[2023-12-13T08:47:33.326] [INFO] cheese - Using logging function for Manan.Patel@iiitb.ac.in.
[2023-12-13T08:47:33.394] [INFO] cheese - User logged in successfully for + Manan.Patel@iiitb.ac.in.
[2023-12-13T08:47:33.405] [INFO] cheese - Using logging function for Manan.Patel@iiitb.ac.in.
[2023-12-13T08:47:33.473] [INFO] cheese - User logged in successfully for + Manan.Patel@iiitb.ac.in.
[2023-12-13T08:47:33.479] [INFO] cheese - Using logging function for Manan.Patel@iiitb.ac.in.
[2023-12-13T08:47:33.560] [INFO] cheese - User logged in successfully for + Manan.Patel@iiitb.ac.in.
[2023-12-13T08:47:33.567] [INFO] cheese - Using logging function for Manan.Patel@iiitb.ac.in.
[2023-12-13T08:47:33.644] [INFO] cheese - User logged in successfully for + Manan.Patel@iiitb.ac.in.
[2023-12-13T08:47:33.658] [INFO] cheese - Using logging function for Manan.Patel@iiitb.ac.in.
[2023-12-13T08:47:33.738] [INFO] cheese - User logged in successfully for + Manan.Patel@iiitb.ac.in.
[2023-12-13T08:47:33.748] [INFO] cheese - Using logging function for Manan.Patel@iiitb.ac.in.
[2023-12-13T08:47:33.822] [INFO] cheese - User logged in successfully for + Manan.Patel@iiitb.ac.in.
[2023-12-13T08:47:33.832] [INFO] cheese - Using logging function for Manan.Patel@iiitb.ac.in.
[2023-12-13T08:47:33.909] [INFO] cheese - User logged in successfully for + Manan.Patel@iiitb.ac.in.
[2023-12-13T08:48:11.918] [INFO] cheese - Using logging function for Manan.Patel@iiitb.ac.in.
[2023-12-13T08:48:12.009] [INFO] cheese - User logged in successfully for + Manan.Patel@iiitb.ac.in.
[2023-12-13T08:48:12.024] [INFO] cheese - Using logging function for nonexistentuser@example.com.
[2023-12-13T08:48:12.027] [ERROR] cheese - User does not exist.
[2023-12-13T08:48:12.034] [INFO] cheese - Using logging function for Manan.Patel@iiitb.ac.in.
[2023-12-13T08:48:12.105] [ERROR] cheese - Invalid credentials.
[2023-12-13T08:48:12.109] [INFO] cheese - Using logging function for Manan.Patel@iiitb.ac.in.
[2023-12-13T08:48:12.186] [INFO] cheese - User logged in successfully for + Manan.Patel@iiitb.ac.in.
[2023-12-13T08:48:12.200] [INFO] cheese - Using logging function for Manan.Patel@iiitb.ac.in.
[2023-12-13T08:48:12.269] [INFO] cheese - User logged in successfully for + Manan.Patel@iiitb.ac.in.
[2023-12-13T08:48:12.279] [INFO] cheese - Using logging function for Manan.Patel@iiitb.ac.in.
[2023-12-13T08:48:12.350] [INFO] cheese - User logged in successfully for + Manan.Patel@iiitb.ac.in.
[2023-12-13T08:48:12.357] [INFO] cheese - Using logging function for Manan.Patel@iiitb.ac.in.
[2023-12-13T08:48:12.425] [INFO] cheese - User logged in successfully for + Manan.Patel@iiitb.ac.in.
[2023-12-13T08:48:12.435] [INFO] cheese - Using logging function for Manan.Patel@iiitb.ac.in.
[2023-12-13T08:48:12.506] [INFO] cheese - User logged in successfully for + Manan.Patel@iiitb.ac.in.
[2023-12-13T08:48:12.522] [INFO] cheese - Using logging function for Manan.Patel@iiitb.ac.in.
[2023-12-13T08:48:12.595] [INFO] cheese - User logged in successfully for + Manan.Patel@iiitb.ac.in.
[2023-12-13T08:48:12.605] [INFO] cheese - Using logging function for Manan.Patel@iiitb.ac.in.
[2023-12-13T08:48:12.679] [INFO] cheese - User logged in successfully for + Manan.Patel@iiitb.ac.in.
[2023-12-13T08:51:48.861] [INFO] cheese - Using logging function for Manan.Patel@iiitb.ac.in.
[2023-12-13T08:51:48.951] [INFO] cheese - User logged in successfully for + Manan.Patel@iiitb.ac.in.
[2023-12-13T08:51:48.962] [INFO] cheese - Using logging function for nonexistentuser@example.com.
[2023-12-13T08:51:48.964] [ERROR] cheese - User does not exist.
[2023-12-13T08:51:48.968] [INFO] cheese - Using logging function for Manan.Patel@iiitb.ac.in.
[2023-12-13T08:51:49.037] [ERROR] cheese - Invalid credentials.
[2023-12-13T08:51:49.042] [INFO] cheese - Using logging function for Manan.Patel@iiitb.ac.in.
[2023-12-13T08:51:49.108] [INFO] cheese - User logged in successfully for + Manan.Patel@iiitb.ac.in.
[2023-12-13T08:51:49.121] [INFO] cheese - Using logging function for Manan.Patel@iiitb.ac.in.
[2023-12-13T08:51:49.195] [INFO] cheese - User logged in successfully for + Manan.Patel@iiitb.ac.in.
[2023-12-13T08:51:49.204] [INFO] cheese - Using logging function for Manan.Patel@iiitb.ac.in.
[2023-12-13T08:51:49.273] [INFO] cheese - User logged in successfully for + Manan.Patel@iiitb.ac.in.
[2023-12-13T08:51:49.280] [INFO] cheese - Using logging function for Manan.Patel@iiitb.ac.in.
[2023-12-13T08:51:49.348] [INFO] cheese - User logged in successfully for + Manan.Patel@iiitb.ac.in.
[2023-12-13T08:51:49.358] [INFO] cheese - Using logging function for Manan.Patel@iiitb.ac.in.
[2023-12-13T08:51:49.429] [INFO] cheese - User logged in successfully for + Manan.Patel@iiitb.ac.in.
[2023-12-13T08:51:49.450] [INFO] cheese - Using logging function for Manan.Patel@iiitb.ac.in.
[2023-12-13T08:51:49.519] [INFO] cheese - User logged in successfully for + Manan.Patel@iiitb.ac.in.
[2023-12-13T08:51:49.527] [INFO] cheese - Using logging function for Manan.Patel@iiitb.ac.in.
[2023-12-13T08:51:49.595] [INFO] cheese - User logged in successfully for + Manan.Patel@iiitb.ac.in.
[2023-12-13T08:54:16.959] [INFO] cheese - Using logging function for Manan.Patel@iiitb.ac.in.
[2023-12-13T08:54:17.043] [INFO] cheese - User logged in successfully for + Manan.Patel@iiitb.ac.in.
[2023-12-13T08:54:17.053] [INFO] cheese - Using logging function for nonexistentuser@example.com.
[2023-12-13T08:54:17.055] [ERROR] cheese - User does not exist.
[2023-12-13T08:54:17.060] [INFO] cheese - Using logging function for Manan.Patel@iiitb.ac.in.
[2023-12-13T08:54:17.135] [ERROR] cheese - Invalid credentials.
[2023-12-13T08:54:17.141] [INFO] cheese - Using logging function for Manan.Patel@iiitb.ac.in.
[2023-12-13T08:54:17.214] [INFO] cheese - User logged in successfully for + Manan.Patel@iiitb.ac.in.
[2023-12-13T08:54:17.227] [INFO] cheese - Using logging function for Manan.Patel@iiitb.ac.in.
[2023-12-13T08:54:17.295] [INFO] cheese - User logged in successfully for + Manan.Patel@iiitb.ac.in.
[2023-12-13T08:54:17.301] [INFO] cheese - Using logging function for Manan.Patel@iiitb.ac.in.
[2023-12-13T08:54:17.367] [INFO] cheese - User logged in successfully for + Manan.Patel@iiitb.ac.in.
[2023-12-13T08:54:17.375] [INFO] cheese - Using logging function for Manan.Patel@iiitb.ac.in.
[2023-12-13T08:54:17.445] [INFO] cheese - User logged in successfully for + Manan.Patel@iiitb.ac.in.
[2023-12-13T08:54:24.505] [INFO] cheese - Using logging function for Manan.Patel@iiitb.ac.in.
[2023-12-13T08:54:24.595] [INFO] cheese - User logged in successfully for + Manan.Patel@iiitb.ac.in.
[2023-12-13T08:54:24.607] [INFO] cheese - Using logging function for nonexistentuser@example.com.
[2023-12-13T08:54:24.609] [ERROR] cheese - User does not exist.
[2023-12-13T08:54:24.615] [INFO] cheese - Using logging function for Manan.Patel@iiitb.ac.in.
[2023-12-13T08:54:24.702] [ERROR] cheese - Invalid credentials.
[2023-12-13T08:54:24.707] [INFO] cheese - Using logging function for Manan.Patel@iiitb.ac.in.
[2023-12-13T08:54:24.784] [INFO] cheese - User logged in successfully for + Manan.Patel@iiitb.ac.in.
[2023-12-13T08:54:24.801] [INFO] cheese - Using logging function for Manan.Patel@iiitb.ac.in.
[2023-12-13T08:54:24.878] [INFO] cheese - User logged in successfully for + Manan.Patel@iiitb.ac.in.
[2023-12-13T08:54:24.891] [INFO] cheese - Using logging function for Manan.Patel@iiitb.ac.in.
[2023-12-13T08:54:24.970] [INFO] cheese - User logged in successfully for + Manan.Patel@iiitb.ac.in.
[2023-12-13T08:54:24.978] [INFO] cheese - Using logging function for Manan.Patel@iiitb.ac.in.
[2023-12-13T08:54:25.054] [INFO] cheese - User logged in successfully for + Manan.Patel@iiitb.ac.in.
